[    25.098] (WW) Failed to open protocol names file lib/xorg/protocol.txt
[    25.099] 
X.Org X Server 1.20.8
X Protocol Version 11, Revision 0
[    25.099] Build Operating System: Linux Arch Linux
[    25.099] Current Operating System: Linux archlinux 5.4.44-1-lts #1 SMP Thu, 04 Jun 2020 07:31:01 +0000 x86_64
[    25.099] Kernel command line: BOOT_IMAGE=/vmlinuz-linux-lts root=/dev/mapper/main_group-root rw cryptdevice=UUID=56790cba-7950-4647-a2f5-8d5e7d7ca559:cryptlvm root=/dev/mapper/main_group-root loglevel=3 quiet
[    25.100] Build Date: 05 May 2020  05:08:17AM
[    25.100]  
[    25.100] Current version of pixman: 0.40.0
[    25.100] 	Before reporting problems, check http://wiki.x.org
	to make sure that you have the latest version.
[    25.100] Markers: (--) probed, (**) from config file, (==) default setting,
	(++) from command line, (!!) notice, (II) informational,
	(WW) warning, (EE) error, (NI) not implemented, (??) unknown.
[    25.100] (==) Log file: "/home/jastrup/.local/share/xorg/Xorg.0.log", Time: Sun Jun  7 21:28:31 2020
[    25.101] (==) Using system config directory "/usr/share/X11/xorg.conf.d"
[    25.102] (==) No Layout section.  Using the first Screen section.
[    25.102] (==) No screen section available. Using defaults.
[    25.102] (**) |-->Screen "Default Screen Section" (0)
[    25.102] (**) |   |-->Monitor "<default monitor>"
[    25.103] (==) No monitor specified for screen "Default Screen Section".
	Using a default monitor configuration.
[    25.103] (==) Automatically adding devices
[    25.103] (==) Automatically enabling devices
[    25.103] (==) Automatically adding GPU devices
[    25.103] (==) Automatically binding GPU devices
[    25.103] (==) Max clients allowed: 256, resource mask: 0x1fffff
[    25.106] (WW) The directory "/usr/share/fonts/OTF" does not exist.
[    25.106] 	Entry deleted from font path.
[    25.106] (WW) The directory "/usr/share/fonts/Type1" does not exist.
[    25.106] 	Entry deleted from font path.
[    25.106] (WW) The directory "/usr/share/fonts/100dpi" does not exist.
[    25.106] 	Entry deleted from font path.
[    25.106] (WW) The directory "/usr/share/fonts/75dpi" does not exist.
[    25.106] 	Entry deleted from font path.
[    25.106] (==) FontPath set to:
	/usr/share/fonts/misc,
	/usr/share/fonts/TTF
[    25.106] (==) ModulePath set to "/usr/lib/xorg/modules"
[    25.106] (II) The server relies on udev to provide the list of input devices.
	If no devices become available, reconfigure udev or disable AutoAddDevices.
[    25.106] (II) Module ABI versions:
[    25.106] 	X.Org ANSI C Emulation: 0.4
[    25.106] 	X.Org Video Driver: 24.1
[    25.106] 	X.Org XInput driver : 24.1
[    25.106] 	X.Org Server Extension : 10.0
[    25.107] (++) using VT number 1

[    25.111] (II) systemd-logind: took control of session /org/freedesktop/login1/session/_31
[    25.112] (II) xfree86: Adding drm device (/dev/dri/card0)
[    25.112] (II) systemd-logind: got fd for /dev/dri/card0 226:0 fd 10 paused 0
[    25.116] (--) PCI:*(0@0:2:0) 8086:3ea0:17aa:2286 rev 2, Mem @ 0xbb000000/16777216, 0x60000000/536870912, I/O @ 0x00003000/64, BIOS @ 0x????????/131072
[    25.116] (WW) Open ACPI failed (/var/run/acpid.socket) (No such file or directory)
[    25.116] (II) LoadModule: "glx"
[    25.118] (II) Loading /usr/lib/xorg/modules/extensions/libglx.so
[    25.126] (II) Module glx: vendor="X.Org Foundation"
[    25.126] 	compiled for 1.20.8, module version = 1.0.0
[    25.126] 	ABI class: X.Org Server Extension, version 10.0
[    25.126] (==) Matched intel as autoconfigured driver 0
[    25.126] (==) Matched modesetting as autoconfigured driver 1
[    25.126] (==) Matched fbdev as autoconfigured driver 2
[    25.126] (==) Matched vesa as autoconfigured driver 3
[    25.126] (==) Assigned the driver to the xf86ConfigLayout
[    25.126] (II) LoadModule: "intel"
[    25.126] (II) Loading /usr/lib/xorg/modules/drivers/intel_drv.so
[    25.130] (II) Module intel: vendor="X.Org Foundation"
[    25.130] 	compiled for 1.20.8, module version = 2.99.917
[    25.130] 	Module class: X.Org Video Driver
[    25.130] 	ABI class: X.Org Video Driver, version 24.1
[    25.130] (II) LoadModule: "modesetting"
[    25.130] (II) Loading /usr/lib/xorg/modules/drivers/modesetting_drv.so
[    25.132] (II) Module modesetting: vendor="X.Org Foundation"
[    25.132] 	compiled for 1.20.8, module version = 1.20.8
[    25.132] 	Module class: X.Org Video Driver
[    25.132] 	ABI class: X.Org Video Driver, version 24.1
[    25.132] (II) LoadModule: "fbdev"
[    25.132] (WW) Warning, couldn't open module fbdev
[    25.132] (EE) Failed to load module "fbdev" (module does not exist, 0)
[    25.132] (II) LoadModule: "vesa"
[    25.133] (WW) Warning, couldn't open module vesa
[    25.133] (EE) Failed to load module "vesa" (module does not exist, 0)
[    25.133] (II) intel: Driver for Intel(R) Integrated Graphics Chipsets:
	i810, i810-dc100, i810e, i815, i830M, 845G, 854, 852GM/855GM, 865G,
	915G, E7221 (i915), 915GM, 945G, 945GM, 945GME, Pineview GM,
	Pineview G, 965G, G35, 965Q, 946GZ, 965GM, 965GME/GLE, G33, Q35, Q33,
	GM45, 4 Series, G45/G43, Q45/Q43, G41, B43
[    25.133] (II) intel: Driver for Intel(R) HD Graphics
[    25.133] (II) intel: Driver for Intel(R) Iris(TM) Graphics
[    25.133] (II) intel: Driver for Intel(R) Iris(TM) Pro Graphics
[    25.133] (II) modesetting: Driver for Modesetting Kernel Drivers: kms
[    25.133] xf86EnableIOPorts: failed to set IOPL for I/O (Operation not permitted)
[    25.134] (II) intel(0): Using Kernel Mode Setting driver: i915, version 1.6.0 20190822
[    25.134] (II) intel(0): SNA compiled from 2.99.917-908-g7181c5a4
[    25.164] (WW) Falling back to old probe method for modesetting
[    25.164] (WW) VGA arbiter: cannot open kernel arbiter, no multi-card support
[    25.165] (--) intel(0): Integrated Graphics Chipset: Intel(R) HD Graphics
[    25.165] (--) intel(0): CPU: x86-64, sse2, sse3, ssse3, sse4.1, sse4.2, avx, avx2; using a maximum of 4 threads
[    25.165] (II) intel(0): Creating default Display subsection in Screen section
	"Default Screen Section" for depth/fbbpp 24/32
[    25.165] (==) intel(0): Depth 24, (--) framebuffer bpp 32
[    25.165] (==) intel(0): RGB weight 888
[    25.165] (==) intel(0): Default visual is TrueColor
[    25.167] (II) intel(0): Output eDP1 has no monitor section
[    25.167] (**) intel(0): Found backlight control interface intel_backlight (type 'raw') for output eDP1
[    25.167] (II) intel(0): Enabled output eDP1
[    25.167] (II) intel(0): Output DP1 has no monitor section
[    25.168] (II) intel(0): Enabled output DP1
[    25.168] (II) intel(0): Output HDMI1 has no monitor section
[    25.168] (II) intel(0): Enabled output HDMI1
[    25.168] (II) intel(0): Output DP2 has no monitor section
[    25.168] (II) intel(0): Enabled output DP2
[    25.168] (II) intel(0): Output HDMI2 has no monitor section
[    25.168] (II) intel(0): Enabled output HDMI2
[    25.168] (--) intel(0): Using a maximum size of 256x256 for hardware cursors
[    25.169] (II) intel(0): Output VIRTUAL1 has no monitor section
[    25.169] (II) intel(0): Enabled output VIRTUAL1
[    25.169] (--) intel(0): Output eDP1 using initial mode 1920x1080 on pipe 0
[    25.169] (==) intel(0): TearFree disabled
[    25.169] (==) intel(0): Using gamma correction (1.0, 1.0, 1.0)
[    25.169] (==) intel(0): DPI set to (96, 96)
[    25.169] (II) Loading sub module "dri3"
[    25.169] (II) LoadModule: "dri3"
[    25.169] (II) Module "dri3" already built-in
[    25.169] (II) Loading sub module "dri2"
[    25.169] (II) LoadModule: "dri2"
[    25.169] (II) Module "dri2" already built-in
[    25.169] (II) Loading sub module "present"
[    25.169] (II) LoadModule: "present"
[    25.169] (II) Module "present" already built-in
[    25.169] (II) UnloadModule: "modesetting"
[    25.169] (II) Unloading modesetting
[    25.172] (II) intel(0): SNA initialized with Coffeelake (gen9) backend
[    25.172] (==) intel(0): Backing store enabled
[    25.172] (==) intel(0): Silken mouse disabled
[    25.172] (II) intel(0): HW Cursor enabled
[    25.172] (==) intel(0): DPMS enabled
[    25.173] (==) intel(0): Display hotplug detection enabled
[    25.173] (II) intel(0): [DRI2] Setup complete
[    25.173] (II) intel(0): [DRI2]   DRI driver: i965
[    25.173] (II) intel(0): [DRI2]   VDPAU driver: va_gl
[    25.173] (II) intel(0): direct rendering: DRI2 DRI3 enabled
[    25.173] (II) intel(0): hardware support for Present enabled
[    25.173] (II) Initializing extension Generic Event Extension
[    25.173] (II) Initializing extension SHAPE
[    25.173] (II) Initializing extension MIT-SHM
[    25.173] (II) Initializing extension XInputExtension
[    25.174] (II) Initializing extension XTEST
[    25.174] (II) Initializing extension BIG-REQUESTS
[    25.174] (II) Initializing extension SYNC
[    25.174] (II) Initializing extension XKEYBOARD
[    25.174] (II) Initializing extension XC-MISC
[    25.174] (II) Initializing extension SECURITY
[    25.174] (II) Initializing extension XFIXES
[    25.174] (II) Initializing extension RENDER
[    25.174] (II) Initializing extension RANDR
[    25.174] (II) Initializing extension COMPOSITE
[    25.174] (II) Initializing extension DAMAGE
[    25.174] (II) Initializing extension MIT-SCREEN-SAVER
[    25.174] (II) Initializing extension DOUBLE-BUFFER
[    25.174] (II) Initializing extension RECORD
[    25.174] (II) Initializing extension DPMS
[    25.174] (II) Initializing extension Present
[    25.174] (II) Initializing extension DRI3
[    25.174] (II) Initializing extension X-Resource
[    25.174] (II) Initializing extension XVideo
[    25.174] (II) Initializing extension XVideo-MotionCompensation
[    25.174] (II) Initializing extension GLX
[    25.214] (II) AIGLX: Loaded and initialized i965
[    25.214] (II) GLX: Initialized DRI2 GL provider for screen 0
[    25.214] (II) Initializing extension XFree86-VidModeExtension
[    25.214] (II) Initializing extension XFree86-DGA
[    25.214] (II) Initializing extension XFree86-DRI
[    25.214] (II) Initializing extension DRI2
[    25.220] (II) intel(0): switch to mode 1920x1080@60.0 on eDP1 using pipe 0, position (0, 0), rotation normal, reflection none
[    25.251] (II) intel(0): Setting screen physical size to 508 x 285
[    25.367] (II) config/udev: Adding input device Power Button (/dev/input/event2)
[    25.367] (**) Power Button: Applying InputClass "libinput keyboard catchall"
[    25.367] (II) LoadModule: "libinput"
[    25.367] (II) Loading /usr/lib/xorg/modules/input/libinput_drv.so
[    25.409] (II) Module libinput: vendor="X.Org Foundation"
[    25.409] 	compiled for 1.20.8, module version = 0.30.0
[    25.409] 	Module class: X.Org XInput Driver
[    25.409] 	ABI class: X.Org XInput driver, version 24.1
[    25.409] (II) Using input driver 'libinput' for 'Power Button'
[    25.410] (II) systemd-logind: got fd for /dev/input/event2 13:66 fd 16 paused 0
[    25.410] (**) Power Button: always reports core events
[    25.410] (**) Option "Device" "/dev/input/event2"
[    25.410] (**) Option "_source" "server/udev"
[    25.416] (II) event2  - Power Button: is tagged by udev as: Keyboard
[    25.416] (II) event2  - Power Button: device is a keyboard
[    25.416] (II) event2  - Power Button: device removed
[    25.416] (**) Option "config_info" "udev:/sys/devices/LNXSYSTM:00/LNXPWRBN:00/input/input2/event2"
[    25.416] (II) XINPUT: Adding extended input device "Power Button" (type: KEYBOARD, id 6)
[    25.418] (II) event2  - Power Button: is tagged by udev as: Keyboard
[    25.418] (II) event2  - Power Button: device is a keyboard
[    25.419] (II) config/udev: Adding input device Video Bus (/dev/input/event5)
[    25.419] (**) Video Bus: Applying InputClass "libinput keyboard catchall"
[    25.419] (II) Using input driver 'libinput' for 'Video Bus'
[    25.420] (II) systemd-logind: got fd for /dev/input/event5 13:69 fd 19 paused 0
[    25.420] (**) Video Bus: always reports core events
[    25.420] (**) Option "Device" "/dev/input/event5"
[    25.420] (**) Option "_source" "server/udev"
[    25.422] (II) event5  - Video Bus: is tagged by udev as: Keyboard
[    25.422] (II) event5  - Video Bus: device is a keyboard
[    25.422] (II) event5  - Video Bus: device removed
[    25.422] (**) Option "config_info" "udev:/sys/devices/LNXSYSTM:00/LNXSYBUS:00/PNP0A08:00/LNXVIDEO:00/input/input6/event5"
[    25.422] (II) XINPUT: Adding extended input device "Video Bus" (type: KEYBOARD, id 7)
[    25.424] (II) event5  - Video Bus: is tagged by udev as: Keyboard
[    25.424] (II) event5  - Video Bus: device is a keyboard
[    25.425] (II) config/udev: Adding input device Lid Switch (/dev/input/event1)
[    25.425] (II) No input driver specified, ignoring this device.
[    25.425] (II) This device may have been added with another device file.
[    25.425] (II) config/udev: Adding input device Sleep Button (/dev/input/event0)
[    25.425] (**) Sleep Button: Applying InputClass "libinput keyboard catchall"
[    25.425] (II) Using input driver 'libinput' for 'Sleep Button'
[    25.426] (II) systemd-logind: got fd for /dev/input/event0 13:64 fd 20 paused 0
[    25.426] (**) Sleep Button: always reports core events
[    25.426] (**) Option "Device" "/dev/input/event0"
[    25.426] (**) Option "_source" "server/udev"
[    25.428] (II) event0  - Sleep Button: is tagged by udev as: Keyboard
[    25.428] (II) event0  - Sleep Button: device is a keyboard
[    25.428] (II) event0  - Sleep Button: device removed
[    25.428] (**) Option "config_info" "udev:/sys/devices/LNXSYSTM:00/LNXSYBUS:00/PNP0C0E:00/input/input0/event0"
[    25.428] (II) XINPUT: Adding extended input device "Sleep Button" (type: KEYBOARD, id 8)
[    25.430] (II) event0  - Sleep Button: is tagged by udev as: Keyboard
[    25.430] (II) event0  - Sleep Button: device is a keyboard
[    25.432] (II) config/udev: Adding input device Integrated Camera: Integrated C (/dev/input/event7)
[    25.432] (**) Integrated Camera: Integrated C: Applying InputClass "libinput keyboard catchall"
[    25.432] (II) Using input driver 'libinput' for 'Integrated Camera: Integrated C'
[    25.433] (II) systemd-logind: got fd for /dev/input/event7 13:71 fd 21 paused 0
[    25.433] (**) Integrated Camera: Integrated C: always reports core events
[    25.433] (**) Option "Device" "/dev/input/event7"
[    25.433] (**) Option "_source" "server/udev"
[    25.435] (II) event7  - Integrated Camera: Integrated C: is tagged by udev as: Keyboard
[    25.435] (II) event7  - Integrated Camera: Integrated C: device is a keyboard
[    25.435] (II) event7  - Integrated Camera: Integrated C: device removed
[    25.435] (**) Option "config_info" "udev:/sys/devices/pci0000:00/0000:00:14.0/usb1/1-8/1-8:1.0/input/input9/event7"
[    25.435] (II) XINPUT: Adding extended input device "Integrated Camera: Integrated C" (type: KEYBOARD, id 9)
[    25.438] (II) event7  - Integrated Camera: Integrated C: is tagged by udev as: Keyboard
[    25.438] (II) event7  - Integrated Camera: Integrated C: device is a keyboard
[    25.439] (II) config/udev: Adding input device Integrated Camera: Integrated I (/dev/input/event8)
[    25.439] (**) Integrated Camera: Integrated I: Applying InputClass "libinput keyboard catchall"
[    25.439] (II) Using input driver 'libinput' for 'Integrated Camera: Integrated I'
[    25.440] (II) systemd-logind: got fd for /dev/input/event8 13:72 fd 22 paused 0
[    25.440] (**) Integrated Camera: Integrated I: always reports core events
[    25.440] (**) Option "Device" "/dev/input/event8"
[    25.440] (**) Option "_source" "server/udev"
[    25.442] (II) event8  - Integrated Camera: Integrated I: is tagged by udev as: Keyboard
[    25.442] (II) event8  - Integrated Camera: Integrated I: device is a keyboard
[    25.443] (II) event8  - Integrated Camera: Integrated I: device removed
[    25.443] (**) Option "config_info" "udev:/sys/devices/pci0000:00/0000:00:14.0/usb1/1-8/1-8:1.2/input/input10/event8"
[    25.443] (II) XINPUT: Adding extended input device "Integrated Camera: Integrated I" (type: KEYBOARD, id 10)
[    25.445] (II) event8  - Integrated Camera: Integrated I: is tagged by udev as: Keyboard
[    25.445] (II) event8  - Integrated Camera: Integrated I: device is a keyboard
[    25.445] (II) config/udev: Adding input device HDA Digital PCBeep (/dev/input/event9)
[    25.445] (II) No input driver specified, ignoring this device.
[    25.445] (II) This device may have been added with another device file.
[    25.446] (II) config/udev: Adding input device HDA Intel PCH Mic (/dev/input/event10)
[    25.446] (II) No input driver specified, ignoring this device.
[    25.446] (II) This device may have been added with another device file.
[    25.446] (II) config/udev: Adding input device HDA Intel PCH Headphone (/dev/input/event11)
[    25.446] (II) No input driver specified, ignoring this device.
[    25.446] (II) This device may have been added with another device file.
[    25.446] (II) config/udev: Adding input device HDA Intel PCH HDMI/DP,pcm=3 (/dev/input/event12)
[    25.446] (II) No input driver specified, ignoring this device.
[    25.446] (II) This device may have been added with another device file.
[    25.447] (II) config/udev: Adding input device HDA Intel PCH HDMI/DP,pcm=7 (/dev/input/event13)
[    25.447] (II) No input driver specified, ignoring this device.
[    25.447] (II) This device may have been added with another device file.
[    25.447] (II) config/udev: Adding input device HDA Intel PCH HDMI/DP,pcm=8 (/dev/input/event14)
[    25.447] (II) No input driver specified, ignoring this device.
[    25.447] (II) This device may have been added with another device file.
[    25.447] (II) config/udev: Adding input device HDA Intel PCH HDMI/DP,pcm=9 (/dev/input/event15)
[    25.447] (II) No input driver specified, ignoring this device.
[    25.447] (II) This device may have been added with another device file.
[    25.448] (II) config/udev: Adding input device HDA Intel PCH HDMI/DP,pcm=10 (/dev/input/event16)
[    25.448] (II) No input driver specified, ignoring this device.
[    25.448] (II) This device may have been added with another device file.
[    25.448] (II) config/udev: Adding input device Elan Touchpad (/dev/input/event17)
[    25.448] (**) Elan Touchpad: Applying InputClass "libinput touchpad catchall"
[    25.448] (II) Using input driver 'libinput' for 'Elan Touchpad'
[    25.449] (II) systemd-logind: got fd for /dev/input/event17 13:81 fd 23 paused 0
[    25.449] (**) Elan Touchpad: always reports core events
[    25.449] (**) Option "Device" "/dev/input/event17"
[    25.449] (**) Option "_source" "server/udev"
[    25.450] (II) event17 - Elan Touchpad: is tagged by udev as: Touchpad
[    25.452] (II) event17 - Elan Touchpad: device is a touchpad
[    25.452] (II) event17 - Elan Touchpad: device removed
[    25.452] (**) Option "config_info" "udev:/sys/devices/pci0000:00/0000:00:1f.4/i2c-7/7-0015/input/input19/event17"
[    25.452] (II) XINPUT: Adding extended input device "Elan Touchpad" (type: TOUCHPAD, id 11)
[    25.453] (**) Option "AccelerationScheme" "none"
[    25.453] (**) Elan Touchpad: (accel) selected scheme none/0
[    25.453] (**) Elan Touchpad: (accel) acceleration factor: 2.000
[    25.453] (**) Elan Touchpad: (accel) acceleration threshold: 4
[    25.454] (II) event17 - Elan Touchpad: is tagged by udev as: Touchpad
[    25.456] (II) event17 - Elan Touchpad: device is a touchpad
[    25.456] (II) config/udev: Adding input device Elan Touchpad (/dev/input/mouse0)
[    25.456] (II) No input driver specified, ignoring this device.
[    25.456] (II) This device may have been added with another device file.
[    25.456] (II) config/udev: Adding input device Elan TrackPoint (/dev/input/event18)
[    25.456] (**) Elan TrackPoint: Applying InputClass "libinput pointer catchall"
[    25.456] (II) Using input driver 'libinput' for 'Elan TrackPoint'
[    25.457] (II) systemd-logind: got fd for /dev/input/event18 13:82 fd 24 paused 0
[    25.457] (**) Elan TrackPoint: always reports core events
[    25.457] (**) Option "Device" "/dev/input/event18"
[    25.457] (**) Option "_source" "server/udev"
[    25.458] (II) event18 - Elan TrackPoint: is tagged by udev as: Mouse Pointingstick
[    25.458] (II) event18 - Elan TrackPoint: device is a pointer
[    25.459] (II) event18 - Elan TrackPoint: device removed
[    25.459] (**) Option "config_info" "udev:/sys/devices/pci0000:00/0000:00:1f.4/i2c-7/7-0015/input/input20/event18"
[    25.459] (II) XINPUT: Adding extended input device "Elan TrackPoint" (type: MOUSE, id 12)
[    25.459] (**) Option "AccelerationScheme" "none"
[    25.459] (**) Elan TrackPoint: (accel) selected scheme none/0
[    25.459] (**) Elan TrackPoint: (accel) acceleration factor: 2.000
[    25.459] (**) Elan TrackPoint: (accel) acceleration threshold: 4
[    25.460] (II) event18 - Elan TrackPoint: is tagged by udev as: Mouse Pointingstick
[    25.460] (II) event18 - Elan TrackPoint: device is a pointer
[    25.461] (II) config/udev: Adding input device Elan TrackPoint (/dev/input/mouse1)
[    25.461] (II) No input driver specified, ignoring this device.
[    25.461] (II) This device may have been added with another device file.
[    25.461] (II) config/udev: Adding input device AT Translated Set 2 keyboard (/dev/input/event3)
[    25.461] (**) AT Translated Set 2 keyboard: Applying InputClass "libinput keyboard catchall"
[    25.461] (II) Using input driver 'libinput' for 'AT Translated Set 2 keyboard'
[    25.461] (II) systemd-logind: got fd for /dev/input/event3 13:67 fd 25 paused 0
[    25.461] (**) AT Translated Set 2 keyboard: always reports core events
[    25.461] (**) Option "Device" "/dev/input/event3"
[    25.461] (**) Option "_source" "server/udev"
[    25.462] (II) event3  - AT Translated Set 2 keyboard: is tagged by udev as: Keyboard
[    25.462] (II) event3  - AT Translated Set 2 keyboard: device is a keyboard
[    25.463] (II) event3  - AT Translated Set 2 keyboard: device removed
[    25.463] (**) Option "config_info" "udev:/sys/devices/platform/i8042/serio0/input/input3/event3"
[    25.463] (II) XINPUT: Adding extended input device "AT Translated Set 2 keyboard" (type: KEYBOARD, id 13)
[    25.464] (II) event3  - AT Translated Set 2 keyboard: is tagged by udev as: Keyboard
[    25.464] (II) event3  - AT Translated Set 2 keyboard: device is a keyboard
[    25.464] (II) config/udev: Adding input device PC Speaker (/dev/input/event6)
[    25.464] (II) No input driver specified, ignoring this device.
[    25.464] (II) This device may have been added with another device file.
[    25.465] (II) config/udev: Adding input device ThinkPad Extra Buttons (/dev/input/event4)
[    25.465] (**) ThinkPad Extra Buttons: Applying InputClass "libinput keyboard catchall"
[    25.465] (II) Using input driver 'libinput' for 'ThinkPad Extra Buttons'
[    25.465] (II) systemd-logind: got fd for /dev/input/event4 13:68 fd 26 paused 0
[    25.465] (**) ThinkPad Extra Buttons: always reports core events
[    25.465] (**) Option "Device" "/dev/input/event4"
[    25.465] (**) Option "_source" "server/udev"
[    25.466] (II) event4  - ThinkPad Extra Buttons: is tagged by udev as: Keyboard Switch
[    25.466] (II) event4  - ThinkPad Extra Buttons: device is a keyboard
[    25.466] (II) event4  - ThinkPad Extra Buttons: device removed
[    25.466] (**) Option "config_info" "udev:/sys/devices/platform/thinkpad_acpi/input/input5/event4"
[    25.466] (II) XINPUT: Adding extended input device "ThinkPad Extra Buttons" (type: KEYBOARD, id 14)
[    25.467] (II) event4  - ThinkPad Extra Buttons: is tagged by udev as: Keyboard Switch
[    25.467] (II) event4  - ThinkPad Extra Buttons: device is a keyboard
[    25.867] (II) intel(0): EDID vendor "AUO", prod id 22333
[    25.867] (II) intel(0): Printing DDC gathered Modelines:
[    25.867] (II) intel(0): Modeline "1920x1080"x0.0  142.60  1920 1936 1952 2080  1080 1083 1088 1142 -hsync -vsync (68.6 kHz eP)
[   407.137] (EE) client bug: timer event17 keyboard: scheduled expiry is in the past (-1004ms), your system is too slow
[   407.139] (EE) client bug: timer event17 keyboard: scheduled expiry is in the past (-612ms), your system is too slow
[   407.139] (EE) client bug: timer event17 keyboard: scheduled expiry is in the past (-496ms), your system is too slow
[   407.139] (EE) client bug: timer event17 keyboard: scheduled expiry is in the past (-380ms), your system is too slow
[   407.139] (EE) client bug: timer event17 keyboard: scheduled expiry is in the past (-278ms), your system is too slow
[ 16351.715] (EE) event17 - Elan Touchpad: kernel bug: Touch jump detected and discarded.
See https://wayland.freedesktop.org/libinput/doc/1.15.5/touchpad-jumping-cursors.html for details
[ 16351.715] (EE) event17 - Elan Touchpad: kernel bug: Touch jump detected and discarded.
See https://wayland.freedesktop.org/libinput/doc/1.15.5/touchpad-jumping-cursors.html for details
[ 38826.844] (II) event18 - Elan TrackPoint: Enabling spurious button debouncing, see https://wayland.freedesktop.org/libinput/doc/1.15.5/button-debouncing.html for details
[ 92860.359] (II) event18 - Elan TrackPoint: SYN_DROPPED event - some input events have been lost.
[139037.881] (**) Option "fd" "16"
[139037.881] (II) event2  - Power Button: device removed
[139037.882] (**) Option "fd" "19"
[139037.882] (II) event5  - Video Bus: device removed
[139037.882] (**) Option "fd" "20"
[139037.882] (II) event0  - Sleep Button: device removed
[139037.883] (**) Option "fd" "21"
[139037.883] (II) event7  - Integrated Camera: Integrated C: device removed
[139037.883] (**) Option "fd" "22"
[139037.883] (II) event8  - Integrated Camera: Integrated I: device removed
[139037.883] (**) Option "fd" "23"
[139037.884] (II) event17 - Elan Touchpad: device removed
[139037.884] (**) Option "fd" "24"
[139037.884] (II) event18 - Elan TrackPoint: device removed
[139037.885] (**) Option "fd" "25"
[139037.885] (II) event3  - AT Translated Set 2 keyboard: device removed
[139037.885] (**) Option "fd" "26"
[139037.885] (II) event4  - ThinkPad Extra Buttons: device removed
[139037.885] (II) AIGLX: Suspending AIGLX clients for VT switch
[139037.974] (II) systemd-logind: got pause for 13:72
[139037.974] (II) systemd-logind: got pause for 13:68
[139037.974] (II) systemd-logind: got pause for 226:0
[139037.974] (II) systemd-logind: got pause for 13:81
[139037.974] (II) systemd-logind: got pause for 13:82
[139037.974] (II) systemd-logind: got pause for 13:64
[139037.974] (II) systemd-logind: got pause for 13:71
[139037.974] (II) systemd-logind: got pause for 13:66
[139037.974] (II) systemd-logind: got pause for 13:69
[139037.974] (II) systemd-logind: got pause for 13:67
[139147.183] (II) systemd-logind: got resume for 13:72
[139147.224] (II) systemd-logind: got resume for 13:68
[139147.224] (II) systemd-logind: got resume for 226:0
[139147.224] (II) AIGLX: Resuming AIGLX clients after VT switch
[139147.224] (II) intel(0): switch to mode 1920x1080@60.0 on eDP1 using pipe 0, position (0, 0), rotation normal, reflection none
[139147.344] (II) event8  - Integrated Camera: Integrated I: is tagged by udev as: Keyboard
[139147.345] (II) event8  - Integrated Camera: Integrated I: device is a keyboard
[139147.347] (II) event4  - ThinkPad Extra Buttons: is tagged by udev as: Keyboard Switch
[139147.347] (II) event4  - ThinkPad Extra Buttons: device is a keyboard
[139147.348] (II) systemd-logind: got resume for 13:81
[139147.350] (II) event17 - Elan Touchpad: is tagged by udev as: Touchpad
[139147.353] (II) event17 - Elan Touchpad: device is a touchpad
[139147.353] (II) systemd-logind: got resume for 13:82
[139147.355] (II) event18 - Elan TrackPoint: is tagged by udev as: Mouse Pointingstick
[139147.355] (II) event18 - Elan TrackPoint: device is a pointer
[139147.383] (II) systemd-logind: got resume for 13:64
[139147.383] (II) event0  - Sleep Button: is tagged by udev as: Keyboard
[139147.384] (II) event0  - Sleep Button: device is a keyboard
[139147.423] (II) systemd-logind: got resume for 13:71
[139147.426] (II) event7  - Integrated Camera: Integrated C: is tagged by udev as: Keyboard
[139147.426] (II) event7  - Integrated Camera: Integrated C: device is a keyboard
[139147.483] (II) systemd-logind: got resume for 13:66
[139147.485] (II) event2  - Power Button: is tagged by udev as: Keyboard
[139147.485] (II) event2  - Power Button: device is a keyboard
[139147.593] (II) systemd-logind: got resume for 13:69
[139147.595] (II) event5  - Video Bus: is tagged by udev as: Keyboard
[139147.596] (II) event5  - Video Bus: device is a keyboard
[139147.643] (II) systemd-logind: got resume for 13:67
[139147.646] (II) event3  - AT Translated Set 2 keyboard: is tagged by udev as: Keyboard
[139147.646] (II) event3  - AT Translated Set 2 keyboard: device is a keyboard
[139367.538] (**) Option "fd" "26"
[139367.538] (II) event2  - Power Button: device removed
[139367.538] (**) Option "fd" "41"
[139367.538] (II) event5  - Video Bus: device removed
[139367.539] (**) Option "fd" "24"
[139367.539] (II) event0  - Sleep Button: device removed
[139367.540] (**) Option "fd" "25"
[139367.540] (II) event7  - Integrated Camera: Integrated C: device removed
[139367.540] (**) Option "fd" "19"
[139367.540] (II) event8  - Integrated Camera: Integrated I: device removed
[139367.541] (**) Option "fd" "23"
[139367.541] (II) event17 - Elan Touchpad: device removed
[139367.541] (**) Option "fd" "16"
[139367.541] (II) event18 - Elan TrackPoint: device removed
[139367.542] (**) Option "fd" "42"
[139367.542] (II) event3  - AT Translated Set 2 keyboard: device removed
[139367.542] (**) Option "fd" "20"
[139367.542] (II) event4  - ThinkPad Extra Buttons: device removed
[139367.542] (II) AIGLX: Suspending AIGLX clients for VT switch
[139367.622] (II) systemd-logind: got pause for 13:72
[139367.622] (II) systemd-logind: got pause for 13:68
[139367.622] (II) systemd-logind: got pause for 226:0
[139367.622] (II) systemd-logind: got pause for 13:81
[139367.622] (II) systemd-logind: got pause for 13:82
[139367.622] (II) systemd-logind: got pause for 13:64
[139367.622] (II) systemd-logind: got pause for 13:71
[139367.622] (II) systemd-logind: got pause for 13:66
[139367.622] (II) systemd-logind: got pause for 13:69
[139367.622] (II) systemd-logind: got pause for 13:67
[139384.324] (II) systemd-logind: got resume for 13:72
[139384.364] (II) systemd-logind: got resume for 13:68
[139384.364] (II) systemd-logind: got resume for 226:0
[139384.364] (II) AIGLX: Resuming AIGLX clients after VT switch
[139384.364] (II) intel(0): switch to mode 1920x1080@60.0 on eDP1 using pipe 0, position (0, 0), rotation normal, reflection none
[139384.489] (II) event8  - Integrated Camera: Integrated I: is tagged by udev as: Keyboard
[139384.489] (II) event8  - Integrated Camera: Integrated I: device is a keyboard
[139384.491] (II) event4  - ThinkPad Extra Buttons: is tagged by udev as: Keyboard Switch
[139384.492] (II) event4  - ThinkPad Extra Buttons: device is a keyboard
[139384.493] (II) systemd-logind: got resume for 13:81
[139384.495] (II) event17 - Elan Touchpad: is tagged by udev as: Touchpad
[139384.499] (II) event17 - Elan Touchpad: device is a touchpad
[139384.500] (II) systemd-logind: got resume for 13:82
[139384.502] (II) event18 - Elan TrackPoint: is tagged by udev as: Mouse Pointingstick
[139384.502] (II) event18 - Elan TrackPoint: device is a pointer
[139384.504] (II) systemd-logind: got resume for 13:64
[139384.505] (II) event0  - Sleep Button: is tagged by udev as: Keyboard
[139384.505] (II) event0  - Sleep Button: device is a keyboard
[139384.543] (II) systemd-logind: got resume for 13:71
[139384.546] (II) event7  - Integrated Camera: Integrated C: is tagged by udev as: Keyboard
[139384.546] (II) event7  - Integrated Camera: Integrated C: device is a keyboard
[139384.603] (II) systemd-logind: got resume for 13:66
[139384.605] (II) event2  - Power Button: is tagged by udev as: Keyboard
[139384.605] (II) event2  - Power Button: device is a keyboard
[139384.663] (II) systemd-logind: got resume for 13:69
[139384.665] (II) event5  - Video Bus: is tagged by udev as: Keyboard
[139384.666] (II) event5  - Video Bus: device is a keyboard
[139384.703] (II) systemd-logind: got resume for 13:67
[139384.706] (II) event3  - AT Translated Set 2 keyboard: is tagged by udev as: Keyboard
[139384.707] (II) event3  - AT Translated Set 2 keyboard: device is a keyboard
[211091.346] (EE) event17 - Elan Touchpad: kernel bug: Touch jump detected and discarded.
See https://wayland.freedesktop.org/libinput/doc/1.15.5/touchpad-jumping-cursors.html for details
[217915.514] (EE) event17 - Elan Touchpad: kernel bug: Touch jump detected and discarded.
See https://wayland.freedesktop.org/libinput/doc/1.15.5/touchpad-jumping-cursors.html for details
[219237.948] [dix] EventToCore: Not implemented yet 
[308475.454] (EE) event17 - Elan Touchpad: kernel bug: Touch jump detected and discarded.
See https://wayland.freedesktop.org/libinput/doc/1.15.5/touchpad-jumping-cursors.html for details
[318976.958] (EE) client bug: timer event17 keyboard: scheduled expiry is in the past (-3279ms), your system is too slow
[318976.958] (EE) client bug: timer event17 keyboard: scheduled expiry is in the past (-2810ms), your system is too slow
[318976.958] (EE) client bug: timer event17 keyboard: scheduled expiry is in the past (-2507ms), your system is too slow
[318976.958] (EE) client bug: timer event17 keyboard: scheduled expiry is in the past (-767ms), your system is too slow
[318976.961] (EE) client bug: timer event17 keyboard: scheduled expiry is in the past (-102ms), your system is too slow
[318976.961] (II) event18 - Elan TrackPoint: SYN_DROPPED event - some input events have been lost.
[318978.043] [dix] EventToCore: Not implemented yet 
[320375.631] (II) event18 - Elan TrackPoint: Enabling spurious button debouncing, see https://wayland.freedesktop.org/libinput/doc/1.15.5/button-debouncing.html for details
[327341.687] [dix] EventToCore: Not implemented yet 
[342675.550] (EE) client bug: timer event17 keyboard: scheduled expiry is in the past (-964ms), your system is too slow
[342675.550] (EE) client bug: timer event17 keyboard: scheduled expiry is in the past (-350ms), your system is too slow
[349921.727] (EE) event17 - Elan Touchpad: kernel bug: Touch jump detected and discarded.
See https://wayland.freedesktop.org/libinput/doc/1.15.5/touchpad-jumping-cursors.html for details
